<?xml version="1.0" encoding="UTF-8" standalone="yes" ?>
<test-results name="D:\Delphi\horse_middlewares\horse-request-id\tests\Tests.exe" total="4" errors="0" failures="0" ignored="0" inconclusive="0" not-run="0" skipped="0" invalid="0" date="2026-07-13" time="6.219">
  <culture-info current-culture="en" current-uiculture="en" />
  <test-suite type="Assembly" name="Tests.exe" executed="true" result="Success" success="True" time="6.219" asserts="0">
    <results>
        <test-suite type="Namespace" name="Horse" executed="true" result="Success" success="True" time="6.219" asserts="0" >
          <results>
              <test-suite type="Fixture" name="TTestHorseRequestID" executed="True" result="Success" success="True" time="6.219" >
                <results>
                  <test-case name="TestRequestIDGeneratedWhenMissing" executed="True" result="Success" success="True" time="2.074" asserts="0" />
                  <test-case name="TestRequestIDForwardedFromRequestHeader" executed="True" result="Success" success="True" time="0.003" asserts="0" />
                  <test-case name="TestRequestIDForwardedFromCorrelationIDHeader" executed="True" result="Success" success="True" time="0.004" asserts="0" />
                  <test-case name="TestRequestIDConcurrency" executed="True" result="Success" success="True" time="2.111" asserts="0" />
                </results>
              </test-suite>
          </results>
        </test-suite>
    </results>
  </test-suite>
</test-results>
